2025-04-04 16:59:25 | INFO | Start time: 2025-04-04 16:59:25.554141
2025-04-04 16:59:27 | INFO | 15 ['6524a48f6523417a8a8b825d', '6524ace7213929cbcee72e4d', '65237596189f860b7614d971', '6523757d466d417a37a40d75', '65237031189f860b7613acf4', '6524adaffe975f09c72ce896', '6524af7ae0ec19c8d601a96d', '652b59eb8b0da4ca08b7453e', '652b6253e0ec19c8d6e281d5', '65d5969e8b0da4a4e4e3757d', '652e519721821b97c60c07ab', '652e3b39466d417a3717718f', '653248dd55b3379a66824f95', '6535de90466d417a37334633', '65de9f4af08210b07de0fd53']
2025-04-04 16:59:35 | INFO | 6524a48f6523417a8a8b825d 1 count: 20 1
2025-04-04 16:59:45 | INFO | 6524a48f6523417a8a8b825d 1 count: 40 2
2025-04-04 16:59:53 | INFO | 6524a48f6523417a8a8b825d 1 count: 60 3
2025-04-04 17:00:02 | INFO | 6524a48f6523417a8a8b825d 1 count: 80 4
2025-04-04 17:00:07 | INFO | 6524a48f6523417a8a8b825d 1 count: 83 5
2025-04-04 17:00:07 | INFO | Save 6524a48f6523417a8a8b825d 83 done.
2025-04-04 17:00:14 | INFO | 6524ace7213929cbcee72e4d 2 count: 20 1
2025-04-04 17:00:24 | INFO | 6524ace7213929cbcee72e4d 2 count: 40 2
2025-04-04 17:00:35 | INFO | 6524ace7213929cbcee72e4d 2 count: 60 3
2025-04-04 17:00:43 | INFO | 6524ace7213929cbcee72e4d 2 count: 80 4
2025-04-04 17:00:52 | INFO | 6524ace7213929cbcee72e4d 2 count: 100 5
2025-04-04 17:01:00 | INFO | 6524ace7213929cbcee72e4d 2 count: 120 6
2025-04-04 17:01:10 | INFO | 6524ace7213929cbcee72e4d 2 count: 140 7
2025-04-04 17:01:20 | INFO | 6524ace7213929cbcee72e4d 2 count: 160 8
2025-04-04 17:01:29 | INFO | 6524ace7213929cbcee72e4d 2 count: 180 9
2025-04-04 17:01:39 | INFO | 6524ace7213929cbcee72e4d 2 count: 200 10
2025-04-04 17:01:48 | INFO | 6524ace7213929cbcee72e4d 2 count: 220 11
2025-04-04 17:01:55 | INFO | 6524ace7213929cbcee72e4d 2 count: 232 12
2025-04-04 17:01:55 | INFO | Save 6524ace7213929cbcee72e4d 232 done.
2025-04-04 17:02:02 | INFO | 65237596189f860b7614d971 3 count: 20 1
2025-04-04 17:02:13 | INFO | 65237596189f860b7614d971 3 count: 40 2
2025-04-04 17:02:20 | INFO | 65237596189f860b7614d971 3 count: 54 3
2025-04-04 17:02:20 | INFO | Save 65237596189f860b7614d971 54 done.
2025-04-04 17:02:29 | INFO | 6523757d466d417a37a40d75 4 count: 20 1
2025-04-04 17:02:39 | INFO | 6523757d466d417a37a40d75 4 count: 40 2
2025-04-04 17:02:49 | INFO | 6523757d466d417a37a40d75 4 count: 60 3
2025-04-04 17:02:58 | INFO | 6523757d466d417a37a40d75 4 count: 78 4
2025-04-04 17:02:58 | INFO | Save 6523757d466d417a37a40d75 78 done.
2025-04-04 17:03:04 | INFO | 65237031189f860b7613acf4 5 count: 20 1
2025-04-04 17:03:15 | INFO | 65237031189f860b7613acf4 5 count: 40 2
2025-04-04 17:03:25 | INFO | 65237031189f860b7613acf4 5 count: 60 3
2025-04-04 17:03:35 | INFO | 65237031189f860b7613acf4 5 count: 80 4
2025-04-04 17:03:45 | INFO | 65237031189f860b7613acf4 5 count: 100 5
2025-04-04 17:03:56 | INFO | 65237031189f860b7613acf4 5 count: 120 6
2025-04-04 17:04:07 | INFO | 65237031189f860b7613acf4 5 count: 140 7
2025-04-04 17:04:17 | INFO | 65237031189f860b7613acf4 5 count: 160 8
2025-04-04 17:04:28 | INFO | 65237031189f860b7613acf4 5 count: 180 9
2025-04-04 17:04:36 | INFO | 65237031189f860b7613acf4 5 count: 200 10
2025-04-04 17:04:45 | INFO | 65237031189f860b7613acf4 5 count: 220 11
2025-04-04 17:04:54 | INFO | 65237031189f860b7613acf4 5 count: 240 12
2025-04-04 17:05:03 | INFO | 65237031189f860b7613acf4 5 count: 260 13
2025-04-04 17:05:11 | INFO | 65237031189f860b7613acf4 5 count: 280 14
2025-04-04 17:05:20 | INFO | 65237031189f860b7613acf4 5 count: 300 15
2025-04-04 17:05:29 | INFO | 65237031189f860b7613acf4 5 count: 320 16
2025-04-04 17:05:38 | INFO | 65237031189f860b7613acf4 5 count: 340 17
2025-04-04 17:05:47 | INFO | 65237031189f860b7613acf4 5 count: 360 18
2025-04-04 17:05:56 | INFO | 65237031189f860b7613acf4 5 count: 380 19
2025-04-04 17:06:05 | INFO | 65237031189f860b7613acf4 5 count: 400 20
2025-04-04 17:06:13 | INFO | 65237031189f860b7613acf4 5 count: 420 21
2025-04-04 17:06:23 | INFO | 65237031189f860b7613acf4 5 count: 440 22
2025-04-04 17:06:32 | INFO | 65237031189f860b7613acf4 5 count: 460 23
2025-04-04 17:06:39 | INFO | 65237031189f860b7613acf4 5 count: 466 24
2025-04-04 17:06:39 | INFO | Save 65237031189f860b7613acf4 466 done.
2025-04-04 17:06:44 | INFO | 6524adaffe975f09c72ce896 6 count: 20 1
2025-04-04 17:06:53 | INFO | 6524adaffe975f09c72ce896 6 count: 40 2
2025-04-04 17:07:00 | INFO | 6524adaffe975f09c72ce896 6 count: 53 3
2025-04-04 17:07:00 | INFO | Save 6524adaffe975f09c72ce896 53 done.
2025-04-04 17:07:04 | INFO | 6524af7ae0ec19c8d601a96d 7 count: 20 1
2025-04-04 17:07:12 | INFO | 6524af7ae0ec19c8d601a96d 7 count: 37 2
2025-04-04 17:07:12 | INFO | Save 6524af7ae0ec19c8d601a96d 37 done.
2025-04-04 17:07:17 | INFO | 652b59eb8b0da4ca08b7453e 8 count: 20 1
2025-04-04 17:07:25 | INFO | 652b59eb8b0da4ca08b7453e 8 count: 32 2
2025-04-04 17:07:25 | INFO | Save 652b59eb8b0da4ca08b7453e 32 done.
2025-04-04 17:07:29 | INFO | 652b6253e0ec19c8d6e281d5 9 count: 18 1
2025-04-04 17:07:29 | INFO | Save 652b6253e0ec19c8d6e281d5 18 done.
2025-04-04 17:07:35 | INFO | 65d5969e8b0da4a4e4e3757d 10 count: 20 1
2025-04-04 17:07:45 | INFO | 65d5969e8b0da4a4e4e3757d 10 count: 40 2
2025-04-04 17:07:53 | INFO | 65d5969e8b0da4a4e4e3757d 10 count: 60 3
2025-04-04 17:08:00 | INFO | 65d5969e8b0da4a4e4e3757d 10 count: 69 4
2025-04-04 17:08:00 | INFO | Save 65d5969e8b0da4a4e4e3757d 69 done.
2025-04-04 17:08:10 | INFO | 652e519721821b97c60c07ab 11 count: 20 1
2025-04-04 17:08:22 | INFO | 652e519721821b97c60c07ab 11 count: 40 2
2025-04-04 17:08:31 | INFO | 652e519721821b97c60c07ab 11 count: 60 3
2025-04-04 17:08:40 | INFO | 652e519721821b97c60c07ab 11 count: 80 4
2025-04-04 17:08:48 | INFO | 652e519721821b97c60c07ab 11 count: 100 5
2025-04-04 17:08:53 | INFO | 652e519721821b97c60c07ab 11 count: 100 6
2025-04-04 17:08:53 | INFO | Save 652e519721821b97c60c07ab 100 done.
2025-04-04 17:09:01 | INFO | 652e3b39466d417a3717718f 12 count: 20 1
2025-04-04 17:09:11 | INFO | 652e3b39466d417a3717718f 12 count: 39 2
2025-04-04 17:09:11 | INFO | Save 652e3b39466d417a3717718f 39 done.
2025-04-04 17:09:18 | INFO | 653248dd55b3379a66824f95 13 count: 20 1
2025-04-04 17:09:27 | INFO | 653248dd55b3379a66824f95 13 count: 40 2
2025-04-04 17:09:36 | INFO | 653248dd55b3379a66824f95 13 count: 57 3
2025-04-04 17:09:36 | INFO | Save 653248dd55b3379a66824f95 57 done.
2025-04-04 17:09:42 | INFO | 6535de90466d417a37334633 14 count: 20 1
2025-04-04 17:09:53 | INFO | 6535de90466d417a37334633 14 count: 40 2
2025-04-04 17:10:02 | INFO | 6535de90466d417a37334633 14 count: 60 3
2025-04-04 17:10:11 | INFO | 6535de90466d417a37334633 14 count: 80 4
2025-04-04 17:10:19 | INFO | 6535de90466d417a37334633 14 count: 100 5
2025-04-04 17:10:25 | INFO | 6535de90466d417a37334633 14 count: 101 6
2025-04-04 17:10:25 | INFO | Save 6535de90466d417a37334633 101 done.
2025-04-04 17:10:31 | INFO | 65de9f4af08210b07de0fd53 15 count: 20 1
2025-04-04 17:10:39 | INFO | 65de9f4af08210b07de0fd53 15 count: 40 2
2025-04-04 17:10:46 | INFO | 65de9f4af08210b07de0fd53 15 count: 48 3
2025-04-04 17:10:46 | INFO | Save 65de9f4af08210b07de0fd53 48 done.
2025-04-04 17:10:46 | INFO | Save wall 数据量 1467
2025-04-04 17:10:46 | INFO | End time: 2025-04-04 17:10:46.269847
2025-04-04 17:10:46 | INFO | Time taken: 0:11:20.715706 seconds
